<?xml version="1.0" encoding="UTF-8"?>
<!-- Generated by org.testng.reporters.JUnitReportReporter -->
<testsuite hostname="DESKTOP-S7R1DIM" failures="0" tests="1" name="assertion.ToLearnHardAssert" time="17.873" errors="0" timestamp="2025-06-16T14:14:50 IST" skipped="0">
  <testcase classname="assertion.ToLearnHardAssert" name="login" time="17.873">
    <system-out>
      <![CDATA[loginpage is displayed
Homepage is displayed]]>
    </system-out>
  </testcase> <!-- login -->
  <system-out>
    <![CDATA[loginpage is displayed
Homepage is displayed]]>
  </system-out>
</testsuite> <!-- assertion.ToLearnHardAssert -->
