<?xml version="1.0" encoding="UTF-8"?>
<!-- Generated by org.testng.reporters.JUnitReportReporter -->
<testsuite hostname="DESKTOP-S7R1DIM" failures="0" tests="1" name="cars.Audi" time="91.420" errors="0" timestamp="2025-06-11T21:01:03 IST" skipped="0">
  <testcase classname="cars.Audi" name="launch" time="91.420">
    <system-out>
      <![CDATA[Audi launched]]>
    </system-out>
  </testcase> <!-- launch -->
  <system-out>
    <![CDATA[Ferrari launched
Audi launched]]>
  </system-out>
</testsuite> <!-- cars.Audi -->
