<?xml version="1.0" encoding="UTF-8"?>
<!-- Generated by org.testng.reporters.JUnitReportReporter -->
<testsuite hostname="DESKTOP-S7R1DIM" failures="0" tests="1" name="testNG.Suzuki" time="39.587" errors="0" timestamp="2025-06-11T13:36:55 IST" skipped="0">
  <testcase classname="testNG.Suzuki" name="launch" time="39.587">
    <system-out>
      <![CDATA[Launched suzuki]]>
    </system-out>
  </testcase> <!-- launch -->
  <system-out>
    <![CDATA[Launched yamaha
Launched ducati
Launched suzuki]]>
  </system-out>
</testsuite> <!-- testNG.Suzuki -->
