<?xml version="1.0" encoding="UTF-8"?>
<!-- Generated by org.testng.reporters.JUnitReportReporter -->
<testsuite hostname="DESKTOP-S7R1DIM" failures="0" tests="3" name="testNG.Tolearndendsonmethods" time="69.101" errors="0" timestamp="2025-06-09T13:40:43 IST" skipped="0">
  <testcase classname="testNG.Tolearndendsonmethods" name="addtocart" time="20.811">
    <system-out>
      <![CDATA[added to cart successfully]]>
    </system-out>
  </testcase> <!-- addtocart -->
  <testcase classname="testNG.Tolearndendsonmethods" name="login" time="21.956">
    <system-out>
      <![CDATA[login successfull]]>
    </system-out>
  </testcase> <!-- login -->
  <testcase classname="testNG.Tolearndendsonmethods" name="register" time="26.334">
    <system-out>
      <![CDATA[registered succesfully]]>
    </system-out>
  </testcase> <!-- register -->
  <system-out>
    <![CDATA[registered succesfully
login successfull
added to cart successfully]]>
  </system-out>
</testsuite> <!-- testNG.Tolearndendsonmethods -->
