<?xml version="1.0" encoding="UTF-8"?>
<!-- Generated by org.testng.reporters.JUnitReportReporter -->
<testsuite hostname="DESKTOP-S7R1DIM" failures="0" tests="3" name="testNG.Accountassign2" time="0.116" errors="0" timestamp="2025-06-09T19:07:38 IST" skipped="0">
  <testcase classname="testNG.Accountassign2" name="delete_account" time="0.008">
    <system-out>
      <![CDATA[account has been deleted succesfully]]>
    </system-out>
  </testcase> <!-- delete_account -->
  <testcase classname="testNG.Accountassign2" name="create_account" time="0.071">
    <system-out>
      <![CDATA[account has been created succesfully]]>
    </system-out>
  </testcase> <!-- create_account -->
  <testcase classname="testNG.Accountassign2" name="edit_account" time="0.037">
    <system-out>
      <![CDATA[account has been edited succesfully]]>
    </system-out>
  </testcase> <!-- edit_account -->
  <system-out>
    <![CDATA[account has been created succesfully
account has been edited succesfully
account has been deleted succesfully]]>
  </system-out>
</testsuite> <!-- testNG.Accountassign2 -->
