<?xml version="1.0" encoding="UTF-8"?>
<!-- Generated by org.testng.reporters.JUnitReportReporter -->
<testsuite hostname="DESKTOP-S7R1DIM" failures="0" tests="1" name="testNG.Kawasaki" time="56.378" errors="0" timestamp="2025-06-11T19:53:41 IST" skipped="0">
  <testcase classname="testNG.Kawasaki" name="launch" time="56.378">
    <system-out>
      <![CDATA[Launched kawasaki]]>
    </system-out>
  </testcase> <!-- launch -->
  <system-out>
    <![CDATA[Launched kawasaki
Launched ducati]]>
  </system-out>
</testsuite> <!-- testNG.Kawasaki -->
