<?xml version="1.0" encoding="UTF-8"?>
<!-- Generated by org.testng.reporters.JUnitReportReporter -->
<testsuite hostname="DESKTOP-S7R1DIM" failures="0" tests="1" name="testNG.Facebookassign" time="124.090" errors="0" timestamp="2025-06-07T13:13:30 IST" skipped="0">
  <testcase classname="testNG.Facebookassign" name="facebook" time="124.090"/>
</testsuite> <!-- testNG.Facebookassign -->
