<?xml version="1.0" encoding="UTF-8"?>
<!-- Generated by org.testng.reporters.JUnitReportReporter -->
<testsuite hostname="DESKTOP-S7R1DIM" failures="0" tests="1" name="listener.TestScriptDWS" time="11.835" errors="0" timestamp="2025-06-21T00:50:14 IST" skipped="0">
  <testcase classname="listener.TestScriptDWS" name="books" time="11.835">
    <system-out>
      <![CDATA[books page is displayed]]>
    </system-out>
  </testcase> <!-- books -->
  <system-out>
    <![CDATA[computer page is displayed
books page is displayed]]>
  </system-out>
</testsuite> <!-- listener.TestScriptDWS -->
