<?xml version="1.0" encoding="UTF-8"?>
<!-- Generated by org.testng.reporters.JUnitReportReporter -->
<testsuite hostname="DESKTOP-S7R1DIM" failures="0" tests="1" name="testNG.Dukati" time="19.668" errors="0" timestamp="2025-06-11T19:53:41 IST" skipped="0">
  <testcase classname="testNG.Dukati" name="launch" time="19.668">
    <system-out>
      <![CDATA[Launched ducati]]>
    </system-out>
  </testcase> <!-- launch -->
  <system-out>
    <![CDATA[Launched kawasaki
Launched ducati]]>
  </system-out>
</testsuite> <!-- testNG.Dukati -->
