<?xml version="1.0" encoding="UTF-8"?>
<!-- Generated by org.testng.reporters.JUnitReportReporter -->
<testsuite hostname="DESKTOP-S7R1DIM" failures="0" tests="1" name="testNG.ConfigurationAnnotations" time="0.034" errors="0" timestamp="2025-06-12T13:34:04 IST" skipped="0">
  <testcase classname="testNG.ConfigurationAnnotations" name="demo" time="0.034">
    <system-out>
      <![CDATA[@test (demo) executed]]>
    </system-out>
  </testcase> <!-- demo -->
  <system-out>
    <![CDATA[@beforesuite
@beforetest
@beforeclass
@beforemethod
@test (demo) executed
@aftermethod
afterclass
@aftertest
@aftersuite]]>
  </system-out>
</testsuite> <!-- testNG.ConfigurationAnnotations -->
