<?xml version="1.0" encoding="UTF-8"?>
<!-- Generated by org.testng.reporters.JUnitReportReporter -->
<testsuite hostname="DESKTOP-S7R1DIM" failures="0" tests="2" name="testNG.AnnotationAttributes" time="17.906" errors="0" timestamp="2025-06-09T13:23:28 IST" skipped="1">
  <testcase classname="testNG.AnnotationAttributes" name="login" time="17.906">
    <system-out>
      <![CDATA[login successfull]]>
    </system-out>
  </testcase> <!-- login -->
  <testcase classname="testNG.AnnotationAttributes" name="register">
    <skipped/>
  </testcase> <!-- register -->
  <system-out>
    <![CDATA[login successfull]]>
  </system-out>
</testsuite> <!-- testNG.AnnotationAttributes -->
