<?xml version="1.0" encoding="UTF-8"?>
<!-- Generated by org.testng.reporters.JUnitReportReporter -->
<testsuite hostname="DESKTOP-S7R1DIM" failures="0" tests="2" name="testNG.ToLearntestNG" time="0.052" errors="0" timestamp="2025-06-06T13:50:05 IST" skipped="0">
  <testcase classname="testNG.ToLearntestNG" name="demo" time="0.016">
    <system-out>
      <![CDATA[Welcome to TestNG]]>
    </system-out>
  </testcase> <!-- demo -->
  <testcase classname="testNG.ToLearntestNG" name="abc" time="0.036">
    <system-out>
      <![CDATA[Ramya]]>
    </system-out>
  </testcase> <!-- abc -->
  <system-out>
    <![CDATA[Ramya
Welcome to TestNG]]>
  </system-out>
</testsuite> <!-- testNG.ToLearntestNG -->
