<?xml version="1.0" encoding="UTF-8"?>
<!-- Generated by org.testng.reporters.JUnitReportReporter -->
<testsuite hostname="DESKTOP-S7R1DIM" failures="0" tests="4" name="dataProvider.ToLearndataProvider" time="184.655" errors="0" timestamp="2025-06-17T13:39:49 IST" skipped="0">
  <testcase classname="dataProvider.ToLearndataProvider" name="login" time="22.131"/>
  <testcase classname="dataProvider.ToLearndataProvider" name="login" time="42.972"/>
  <testcase classname="dataProvider.ToLearndataProvider" name="login" time="88.361"/>
  <testcase classname="dataProvider.ToLearndataProvider" name="login" time="31.191"/>
</testsuite> <!-- dataProvider.ToLearndataProvider -->
